<?xml version="1.0" encoding="UTF-8" ?>
<testsuites>
  <testsuite errors="0" failures="0" hostname="Isaacs-MacBook-Pro-2.local" id="0" name="AlarmDriverTest" package="alarms" skipped="0" tests="8" time="0.164" timestamp="2019-11-04T18:51:44">
      <properties>
[...]
</properties>

      <testcase classname="alarms.AlarmDriverTest" name="possibleVerticalShiftUp" time="0.006" />

      <testcase classname="alarms.AlarmDriverTest" name="possibleShiftHorizontalFalseAndVerticalTrue" time="0.0" />

      <testcase classname="alarms.AlarmDriverTest" name="possibleHorizontalShiftRight" time="0.0" />

      <testcase classname="alarms.AlarmDriverTest" name="differentSizesSameFeed" time="0.002" />

      <testcase classname="alarms.AlarmDriverTest" name="possibleShiftHorizontalAndVerticalFalseFalse" time="0.0" />

      <testcase classname="alarms.AlarmDriverTest" name="possibleShiftHorizontalAndVerticalTrueTrue" time="0.0" />

      <testcase classname="alarms.AlarmDriverTest" name="possibleVerticalShiftDown" time="0.0" />

      <testcase classname="alarms.AlarmDriverTest" name="possibleHorizontalShiftLeft" time="0.001" />

      <system-out><![CDATA[]]></system-out>

      <system-err><![CDATA[]]></system-err>

  </testsuite>
  <testsuite errors="0" failures="0" hostname="Isaacs-MacBook-Pro-2.local" id="1" name="FileBarricadeTest" package="alarms" skipped="0" tests="1" time="0.153" timestamp="2019-11-04T18:51:45">
      <properties>
[...]
</properties>

      <testcase classname="alarms.FileBarricadeTest" name="readFileNotFound" time="0.002" />

      <system-out><![CDATA[]]></system-out>

      <system-err><![CDATA[]]></system-err>

  </testsuite>
  <testsuite errors="0" failures="0" hostname="Isaacs-MacBook-Pro-2.local" id="2" name="InputBarricadeTest" package="alarms" skipped="0" tests="10" time="0.188" timestamp="2019-11-04T18:51:46">
      <properties>
[...]
</properties>

      <testcase classname="alarms.InputBarricadeTest" name="cameraFeedInvalidCheckInput" time="0.007" />

      <testcase classname="alarms.InputBarricadeTest" name="gridSizeValidLengthNot3" time="0.002" />

      <testcase classname="alarms.InputBarricadeTest" name="gridSizeValidNegativeNumber" time="0.001" />

      <testcase classname="alarms.InputBarricadeTest" name="lessThanTwoLinesCheckInput" time="0.002" />

      <testcase classname="alarms.InputBarricadeTest" name="validDataValuesBoundary" time="0.002" />

      <testcase classname="alarms.InputBarricadeTest" name="validDataValuesCameraFeedReplace5" time="0.0" />

      <testcase classname="alarms.InputBarricadeTest" name="gridLineInvalidCheckInput" time="0.001" />

      <testcase classname="alarms.InputBarricadeTest" name="cameraFeedsValidLengthNot3" time="0.0" />

      <testcase classname="alarms.InputBarricadeTest" name="cameraFeedValidCheckInput" time="0.001" />

      <testcase classname="alarms.InputBarricadeTest" name="cameraFeedsValidDataLengthBad" time="0.0" />

      <system-out><![CDATA[]]></system-out>

      <system-err><![CDATA[]]></system-err>

  </testsuite>
  <testsuite errors="0" failures="0" hostname="Isaacs-MacBook-Pro-2.local" id="3" name="MainTest" package="alarms" skipped="0" tests="14" time="0.182" timestamp="2019-11-04T18:51:47">
      <properties>
[...]
</properties>

      <testcase classname="alarms.MainTest" name="alarmStatusContainersFall" time="0.015" />

      <testcase classname="alarms.MainTest" name="alarmStatusMissingGridSize" time="0.001" />

      <testcase classname="alarms.MainTest" name="mainInvalidLength" time="0.0" />

      <testcase classname="alarms.MainTest" name="alarmStatusNonSquare" time="0.001" />

      <testcase classname="alarms.MainTest" name="alarmStatusInvalidDimensions" time="0.001" />

      <testcase classname="alarms.MainTest" name="mainPathFound" time="0.0" />

      <testcase classname="alarms.MainTest" name="alarmStatusAssignmentExample" time="0.001" />

      <testcase classname="alarms.MainTest" name="alarmStatusPlaneSide" time="0.001" />

      <testcase classname="alarms.MainTest" name="alarmStatusNegativeInput" time="0.001" />

      <testcase classname="alarms.MainTest" name="alarmStatusTooManyMatrices" time="0.001" />

      <testcase classname="alarms.MainTest" name="alarmStatusFrontAirplane" time="0.001" />

      <testcase classname="alarms.MainTest" name="alarmStatusTopCameraShift" time="0.001" />

      <testcase classname="alarms.MainTest" name="mainPathNotFound" time="0.001" />

      <testcase classname="alarms.MainTest" name="alarmStatusManyContainersFall" time="0.001" />

      <system-out><![CDATA[true
invalid
invalid
false
invalid
invalid
false
false
invalid
invalid
false
false
invalid
true
]]></system-out>

      <system-err><![CDATA[]]></system-err>

  </testsuite>
</testsuites>
