<?xml version="1.0" encoding="UTF-8" ?>
<testsuites>
  <testsuite errors="0" failures="0" hostname="Isaacs-MacBook-Pro-2.local" id="0" name="EdgeTest" package="" skipped="0" tests="16" time="0.214" timestamp="2019-11-18T04:30:32">
      <properties>
[...]
</properties>

      <testcase classname="EdgeTest" name="destinationNull" time="0.005" />

      <testcase classname="EdgeTest" name="equalsOtherNull" time="0.001" />

      <testcase classname="EdgeTest" name="costNegative" time="0.001" />

      <testcase classname="EdgeTest" name="sourceNull" time="0.001" />

      <testcase classname="EdgeTest" name="validEdge" time="0.0" />

      <testcase classname="EdgeTest" name="equalsOtherDifferentClass" time="0.0" />

      <testcase classname="EdgeTest" name="equalsTrue" time="0.0" />

      <testcase classname="EdgeTest" name="hashCodeValid" time="0.0" />

      <testcase classname="EdgeTest" name="equivalentFieldsFFF" time="0.002" />

      <testcase classname="EdgeTest" name="equivalentFieldsFFT" time="0.001" />

      <testcase classname="EdgeTest" name="equivalentFieldsFTF" time="0.0" />

      <testcase classname="EdgeTest" name="equivalentFieldsFTT" time="0.001" />

      <testcase classname="EdgeTest" name="equivalentFieldsTFF" time="0.001" />

      <testcase classname="EdgeTest" name="equivalentFieldsTFT" time="0.001" />

      <testcase classname="EdgeTest" name="equivalentFieldsTTF" time="0.0" />

      <testcase classname="EdgeTest" name="equalsSameObject" time="0.0" />

      <system-out><![CDATA[]]></system-out>

      <system-err><![CDATA[]]></system-err>

  </testsuite>
  <testsuite errors="1" failures="0" hostname="Isaacs-MacBook-Pro-2.local" id="1" name="GraphTest" package="" skipped="0" tests="27" time="86.184" timestamp="2019-11-18T04:30:33">
      <properties>
[...]
</properties>

      <testcase classname="GraphTest" name="containsTrue" time="0.008" />

      <testcase classname="GraphTest" name="edgeWeightNoSourceOrDestination" time="0.001" />

      <testcase classname="GraphTest" name="containsFalse" time="0.0" />

      <testcase classname="GraphTest" name="dijkstraInvalidSketchNoSourceInGraph" time="0.015" />

      <testcase classname="GraphTest" name="edgeWeightValid" time="0.001" />

      <testcase classname="GraphTest" name="stressTestBigGraph" time="85.552" />

      <testcase classname="GraphTest" name="pathCostLessThanTwoVertices" time="0.001" />

      <testcase classname="GraphTest" name="pathCostValidPath" time="0.001" />

      <testcase classname="GraphTest" name="edgeWeightNoSource" time="0.001" />

      <testcase classname="GraphTest" name="edgeWeightFF" time="0.0" />

      <testcase classname="GraphTest" name="edgeWeightFT" time="0.0" />

      <testcase classname="GraphTest" name="edgeWeightTF" time="0.0" />

      <testcase classname="GraphTest" name="pathCostInvalidPath" time="0.0" />

      <testcase classname="GraphTest" name="validatePathInputSourceEqualsDestination" time="0.014">
          <error message="source and destination vertex can&apos;t be the same" type="InvalidPathException">InvalidPathException: source and destination vertex can&apos;t be the same
	at Graph.validatePathInput(Graph.java:143)
	at Graph$TestHook.validatePathInput(Graph.java:274)
	at GraphTest.validatePathInputSourceEqualsDestination(GraphTest.java:240)
	at java.base/jdk.internal.reflect.NativeMethodAccessorImpl.invoke0(Native Method)
	at java.base/jdk.internal.reflect.NativeMethodAccessorImpl.invoke(NativeMethodAccessorImpl.java:62)
	at java.base/jdk.internal.reflect.DelegatingMethodAccessorImpl.invoke(DelegatingMethodAccessorImpl.java:43)
	at java.base/java.lang.reflect.Method.invoke(Method.java:566)
	at org.junit.runners.model.FrameworkMethod$1.runReflectiveCall(FrameworkMethod.java:50)
	at org.junit.internal.runners.model.ReflectiveCallable.run(ReflectiveCallable.java:12)
	at org.junit.runners.model.FrameworkMethod.invokeExplosively(FrameworkMethod.java:47)
	at org.junit.internal.runners.statements.InvokeMethod.evaluate(InvokeMethod.java:17)
	at org.junit.runners.ParentRunner.runLeaf(ParentRunner.java:325)
	at org.junit.runners.BlockJUnit4ClassRunner.runChild(BlockJUnit4ClassRunner.java:78)
	at org.junit.runners.BlockJUnit4ClassRunner.runChild(BlockJUnit4ClassRunner.java:57)
	at org.junit.runners.ParentRunner$3.run(ParentRunner.java:290)
	at org.junit.runners.ParentRunner$1.schedule(ParentRunner.java:71)
	at org.junit.runners.ParentRunner.runChildren(ParentRunner.java:288)
	at org.junit.runners.ParentRunner.access$000(ParentRunner.java:58)
	at org.junit.runners.ParentRunner$2.evaluate(ParentRunner.java:268)
	at org.junit.runners.ParentRunner.run(ParentRunner.java:363)
	at junit.framework.JUnit4TestAdapter.run(JUnit4TestAdapter.java:38)
	at org.apache.tools.ant.taskdefs.optional.junit.JUnitTestRunner.run(JUnitTestRunner.java:534)
	at org.apache.tools.ant.taskdefs.optional.junit.JUnitTestRunner.launch(JUnitTestRunner.java:1196)
	at org.apache.tools.ant.taskdefs.optional.junit.JUnitTestRunner.main(JUnitTestRunner.java:1041)
</error>

      </testcase>

      <testcase classname="GraphTest" name="dijkstraValidNominalSimple" time="0.001" />

      <testcase classname="GraphTest" name="pathCostDoesNotContainVertex" time="0.0" />

      <testcase classname="GraphTest" name="removeIfExistingRemove" time="0.0" />

      <testcase classname="GraphTest" name="validGraph" time="0.0" />

      <testcase classname="GraphTest" name="invalidGraphNullVertices" time="0.0" />

      <testcase classname="GraphTest" name="addEdgeDoesNotContain" time="0.0" />

      <testcase classname="GraphTest" name="stressTestLotsSmallGraphs" time="0.415" />

      <testcase classname="GraphTest" name="dijkstraInvalidSketchNoDestinationInGraph" time="0.0" />

      <testcase classname="GraphTest" name="addEdgeContains" time="0.0" />

      <testcase classname="GraphTest" name="adjacencyMatrixInvalidEdge" time="0.0" />

      <testcase classname="GraphTest" name="dijkstraValidSketch" time="0.0" />

      <testcase classname="GraphTest" name="edgeWeightNoDestination" time="0.0" />

      <testcase classname="GraphTest" name="invalidGraphNullEdges" time="0.0" />

      <system-out><![CDATA[]]></system-out>

      <system-err><![CDATA[]]></system-err>

  </testsuite>
  <testsuite errors="0" failures="0" hostname="Isaacs-MacBook-Pro-2.local" id="2" name="VertexTest" package="" skipped="0" tests="7" time="0.211" timestamp="2019-11-18T04:32:00">
      <properties>
[...]
</properties>

      <testcase classname="VertexTest" name="validVertex" time="0.004" />

      <testcase classname="VertexTest" name="equalsOtherNull" time="0.0" />

      <testcase classname="VertexTest" name="invalidVertex" time="0.0" />

      <testcase classname="VertexTest" name="equalsOtherDifferentClass" time="0.0" />

      <testcase classname="VertexTest" name="hashCodeValid" time="0.0" />

      <testcase classname="VertexTest" name="equalsSameObject" time="0.0" />

      <testcase classname="VertexTest" name="equalsSameName" time="0.0" />

      <system-out><![CDATA[]]></system-out>

      <system-err><![CDATA[]]></system-err>

  </testsuite>
  <testsuite errors="0" failures="0" hostname="Isaacs-MacBook-Pro-2.local" id="3" name="EdgeTest" package="shortestpaths" skipped="0" tests="16" time="0.193" timestamp="2019-11-18T04:32:01">
      <properties>
[...]
</properties>

      <testcase classname="shortestpaths.EdgeTest" name="destinationNull" time="0.005" />

      <testcase classname="shortestpaths.EdgeTest" name="equalsOtherNull" time="0.0" />

      <testcase classname="shortestpaths.EdgeTest" name="costNegative" time="0.0" />

      <testcase classname="shortestpaths.EdgeTest" name="sourceNull" time="0.001" />

      <testcase classname="shortestpaths.EdgeTest" name="validEdge" time="0.0" />

      <testcase classname="shortestpaths.EdgeTest" name="equalsOtherDifferentClass" time="0.0" />

      <testcase classname="shortestpaths.EdgeTest" name="equalsTrue" time="0.0" />

      <testcase classname="shortestpaths.EdgeTest" name="hashCodeValid" time="0.0" />

      <testcase classname="shortestpaths.EdgeTest" name="equivalentFieldsFFF" time="0.002" />

      <testcase classname="shortestpaths.EdgeTest" name="equivalentFieldsFFT" time="0.0" />

      <testcase classname="shortestpaths.EdgeTest" name="equivalentFieldsFTF" time="0.0" />

      <testcase classname="shortestpaths.EdgeTest" name="equivalentFieldsFTT" time="0.0" />

      <testcase classname="shortestpaths.EdgeTest" name="equivalentFieldsTFF" time="0.0" />

      <testcase classname="shortestpaths.EdgeTest" name="equivalentFieldsTFT" time="0.0" />

      <testcase classname="shortestpaths.EdgeTest" name="equivalentFieldsTTF" time="0.0" />

      <testcase classname="shortestpaths.EdgeTest" name="equalsSameObject" time="0.0" />

      <system-out><![CDATA[]]></system-out>

      <system-err><![CDATA[]]></system-err>

  </testsuite>
  <testsuite errors="0" failures="0" hostname="Isaacs-MacBook-Pro-2.local" id="4" name="GraphTest" package="shortestpaths" skipped="0" tests="23" time="48.079" timestamp="2019-11-18T04:32:02">
      <properties>
[...]
</properties>

      <testcase classname="shortestpaths.GraphTest" name="containsTrue" time="0.009" />

      <testcase classname="shortestpaths.GraphTest" name="edgeWeightNoSourceOrDestination" time="0.0" />

      <testcase classname="shortestpaths.GraphTest" name="containsFalse" time="0.0" />

      <testcase classname="shortestpaths.GraphTest" name="dijkstraInvalidSketchNoSourceInGraph" time="0.024" />

      <testcase classname="shortestpaths.GraphTest" name="edgeWeightValid" time="0.0" />

      <testcase classname="shortestpaths.GraphTest" name="stressTestBigGraph" time="47.455" />

      <testcase classname="shortestpaths.GraphTest" name="pathCostLessThanTwoVertices" time="0.0" />

      <testcase classname="shortestpaths.GraphTest" name="pathCostValidPath" time="0.0" />

      <testcase classname="shortestpaths.GraphTest" name="edgeWeightNoSource" time="0.0" />

      <testcase classname="shortestpaths.GraphTest" name="pathCostInvalidPath" time="0.0" />

      <testcase classname="shortestpaths.GraphTest" name="dijkstraValidNominalSimple" time="0.001" />

      <testcase classname="shortestpaths.GraphTest" name="pathCostDoesNotContainVertex" time="0.001" />

      <testcase classname="shortestpaths.GraphTest" name="removeIfExistingRemove" time="0.001" />

      <testcase classname="shortestpaths.GraphTest" name="validGraph" time="0.0" />

      <testcase classname="shortestpaths.GraphTest" name="invalidGraphNullVertices" time="0.0" />

      <testcase classname="shortestpaths.GraphTest" name="addEdgeDoesNotContain" time="0.001" />

      <testcase classname="shortestpaths.GraphTest" name="stressTestLotsSmallGraphs" time="0.385" />

      <testcase classname="shortestpaths.GraphTest" name="dijkstraInvalidSketchNoDestinationInGraph" time="0.0" />

      <testcase classname="shortestpaths.GraphTest" name="addEdgeContains" time="0.0" />

      <testcase classname="shortestpaths.GraphTest" name="adjacencyMatrixInvalidEdge" time="0.0" />

      <testcase classname="shortestpaths.GraphTest" name="dijkstraValidSketch" time="0.0" />

      <testcase classname="shortestpaths.GraphTest" name="edgeWeightNoDestination" time="0.0" />

      <testcase classname="shortestpaths.GraphTest" name="invalidGraphNullEdges" time="0.001" />

      <system-out><![CDATA[]]></system-out>

      <system-err><![CDATA[]]></system-err>

  </testsuite>
  <testsuite errors="0" failures="0" hostname="Isaacs-MacBook-Pro-2.local" id="5" name="VertexTest" package="shortestpaths" skipped="0" tests="7" time="0.186" timestamp="2019-11-18T04:32:51">
      <properties>
[...]
</properties>

      <testcase classname="shortestpaths.VertexTest" name="validVertex" time="0.003" />

      <testcase classname="shortestpaths.VertexTest" name="equalsOtherNull" time="0.0" />

      <testcase classname="shortestpaths.VertexTest" name="invalidVertex" time="0.0" />

      <testcase classname="shortestpaths.VertexTest" name="equalsOtherDifferentClass" time="0.0" />

      <testcase classname="shortestpaths.VertexTest" name="hashCodeValid" time="0.0" />

      <testcase classname="shortestpaths.VertexTest" name="equalsSameObject" time="0.001" />

      <testcase classname="shortestpaths.VertexTest" name="equalsSameName" time="0.001" />

      <system-out><![CDATA[]]></system-out>

      <system-err><![CDATA[]]></system-err>

  </testsuite>
</testsuites>
