<?xml version="1.0" encoding="UTF-8" ?>
<testsuite errors="1" failures="0" hostname="Isaacs-MacBook-Pro-2.local" name="GraphTest" skipped="0" tests="27" time="86.184" timestamp="2019-11-18T04:30:33">
  <properties>
[...]
</properties>
  <testcase classname="GraphTest" name="containsTrue" time="0.008" />
  <testcase classname="GraphTest" name="edgeWeightNoSourceOrDestination" time="0.001" />
  <testcase classname="GraphTest" name="containsFalse" time="0.0" />
  <testcase classname="GraphTest" name="dijkstraInvalidSketchNoSourceInGraph" time="0.015" />
  <testcase classname="GraphTest" name="edgeWeightValid" time="0.001" />
  <testcase classname="GraphTest" name="stressTestBigGraph" time="85.552" />
  <testcase classname="GraphTest" name="pathCostLessThanTwoVertices" time="0.001" />
  <testcase classname="GraphTest" name="pathCostValidPath" time="0.001" />
  <testcase classname="GraphTest" name="edgeWeightNoSource" time="0.001" />
  <testcase classname="GraphTest" name="edgeWeightFF" time="0.0" />
  <testcase classname="GraphTest" name="edgeWeightFT" time="0.0" />
  <testcase classname="GraphTest" name="edgeWeightTF" time="0.0" />
  <testcase classname="GraphTest" name="pathCostInvalidPath" time="0.0" />
  <testcase classname="GraphTest" name="validatePathInputSourceEqualsDestination" time="0.014">
    <error message="source and destination vertex can&apos;t be the same" type="InvalidPathException">InvalidPathException: source and destination vertex can&apos;t be the same
	at Graph.validatePathInput(Graph.java:143)
	at Graph$TestHook.validatePathInput(Graph.java:274)
	at GraphTest.validatePathInputSourceEqualsDestination(GraphTest.java:240)
	at java.base/jdk.internal.reflect.NativeMethodAccessorImpl.invoke0(Native Method)
	at java.base/jdk.internal.reflect.NativeMethodAccessorImpl.invoke(NativeMethodAccessorImpl.java:62)
	at java.base/jdk.internal.reflect.DelegatingMethodAccessorImpl.invoke(DelegatingMethodAccessorImpl.java:43)
	at java.base/java.lang.reflect.Method.invoke(Method.java:566)
	at org.junit.runners.model.FrameworkMethod$1.runReflectiveCall(FrameworkMethod.java:50)
	at org.junit.internal.runners.model.ReflectiveCallable.run(ReflectiveCallable.java:12)
	at org.junit.runners.model.FrameworkMethod.invokeExplosively(FrameworkMethod.java:47)
	at org.junit.internal.runners.statements.InvokeMethod.evaluate(InvokeMethod.java:17)
	at org.junit.runners.ParentRunner.runLeaf(ParentRunner.java:325)
	at org.junit.runners.BlockJUnit4ClassRunner.runChild(BlockJUnit4ClassRunner.java:78)
	at org.junit.runners.BlockJUnit4ClassRunner.runChild(BlockJUnit4ClassRunner.java:57)
	at org.junit.runners.ParentRunner$3.run(ParentRunner.java:290)
	at org.junit.runners.ParentRunner$1.schedule(ParentRunner.java:71)
	at org.junit.runners.ParentRunner.runChildren(ParentRunner.java:288)
	at org.junit.runners.ParentRunner.access$000(ParentRunner.java:58)
	at org.junit.runners.ParentRunner$2.evaluate(ParentRunner.java:268)
	at org.junit.runners.ParentRunner.run(ParentRunner.java:363)
	at junit.framework.JUnit4TestAdapter.run(JUnit4TestAdapter.java:38)
	at org.apache.tools.ant.taskdefs.optional.junit.JUnitTestRunner.run(JUnitTestRunner.java:534)
	at org.apache.tools.ant.taskdefs.optional.junit.JUnitTestRunner.launch(JUnitTestRunner.java:1196)
	at org.apache.tools.ant.taskdefs.optional.junit.JUnitTestRunner.main(JUnitTestRunner.java:1041)
</error>
  </testcase>
  <testcase classname="GraphTest" name="dijkstraValidNominalSimple" time="0.001" />
  <testcase classname="GraphTest" name="pathCostDoesNotContainVertex" time="0.0" />
  <testcase classname="GraphTest" name="removeIfExistingRemove" time="0.0" />
  <testcase classname="GraphTest" name="validGraph" time="0.0" />
  <testcase classname="GraphTest" name="invalidGraphNullVertices" time="0.0" />
  <testcase classname="GraphTest" name="addEdgeDoesNotContain" time="0.0" />
  <testcase classname="GraphTest" name="stressTestLotsSmallGraphs" time="0.415" />
  <testcase classname="GraphTest" name="dijkstraInvalidSketchNoDestinationInGraph" time="0.0" />
  <testcase classname="GraphTest" name="addEdgeContains" time="0.0" />
  <testcase classname="GraphTest" name="adjacencyMatrixInvalidEdge" time="0.0" />
  <testcase classname="GraphTest" name="dijkstraValidSketch" time="0.0" />
  <testcase classname="GraphTest" name="edgeWeightNoDestination" time="0.0" />
  <testcase classname="GraphTest" name="invalidGraphNullEdges" time="0.0" />
  <system-out><![CDATA[]]></system-out>
  <system-err><![CDATA[]]></system-err>
</testsuite>
