<?xml version="1.0" encoding="UTF-8" ?>
<testsuite errors="0" failures="0" hostname="Isaacs-MacBook-Pro-2.local" name="VertexTest" skipped="0" tests="7" time="0.211" timestamp="2019-11-18T04:32:00">
  <properties>
[...]
</properties>
  <testcase classname="VertexTest" name="validVertex" time="0.004" />
  <testcase classname="VertexTest" name="equalsOtherNull" time="0.0" />
  <testcase classname="VertexTest" name="invalidVertex" time="0.0" />
  <testcase classname="VertexTest" name="equalsOtherDifferentClass" time="0.0" />
  <testcase classname="VertexTest" name="hashCodeValid" time="0.0" />
  <testcase classname="VertexTest" name="equalsSameObject" time="0.0" />
  <testcase classname="VertexTest" name="equalsSameName" time="0.0" />
  <system-out><![CDATA[]]></system-out>
  <system-err><![CDATA[]]></system-err>
</testsuite>
